<?xml version="1.0" encoding="UTF-8"?>
<!-- Generated by org.testng.reporters.JUnitReportReporter -->
<testsuite hostname="DESKTOP-G7MIJP1" failures="0" tests="1" name="com.Assignment1.qa.testcases.HomePageTest" time="36.657" errors="0" timestamp="2023-09-11T19:40:02 IST" skipped="0">
  <testcase classname="com.Assignment1.qa.testcases.HomePageTest" name="verifySenoirQA" time="36.657"/>
  <system-out/>
</testsuite> <!-- com.Assignment1.qa.testcases.HomePageTest -->
