<?xml version="1.0" encoding="UTF-8"?>
<!-- Generated by org.testng.reporters.JUnitReportReporter -->
<testsuite hostname="DESKTOP-G7MIJP1" failures="0" tests="2" name="com.Assignment1.qa.testcases.LoginPageTest" time="19.235" errors="0" timestamp="2023-09-11T19:40:02 IST" skipped="0">
  <testcase classname="com.Assignment1.qa.testcases.LoginPageTest" name="LoginTest" time="12.100"/>
  <system-out/>
  <testcase classname="com.Assignment1.qa.testcases.LoginPageTest" name="LoginPageTitle" time="7.135"/>
  <system-out/>
</testsuite> <!-- com.Assignment1.qa.testcases.LoginPageTest -->
